--2026-03-30 22:23:36--  https://mcfp.felk.cvut.cz/publicDatasets/CTU-Mixed-Capture-1/bro/conn.log
Loaded CA certificate '/etc/ssl/certs/ca-certificates.crt'
Resolving mcfp.felk.cvut.cz (mcfp.felk.cvut.cz)... 147.32.82.194
Connecting to mcfp.felk.cvut.cz (mcfp.felk.cvut.cz)|147.32.82.194|:443... connected.
HTTP request sent, awaiting response... 200 OK
Length: 6696732 (6.4M)
Saving to: 'conn.log.1'

     0K .......... .......... .......... .......... ..........  0%  433K 15s
    50K .......... .......... .......... .......... ..........  1%  875K 11s
   100K .......... .......... .......... .......... ..........  2% 26.9M 7s
   150K .......... .......... .......... .......... ..........  3% 69.5M 6s
   200K .......... .......... .......... .......... ..........  3%  881K 6s
   250K .......... .......... .......... .......... ..........  4% 34.8M 5s
   300K .......... .......... .......... .......... ..........  5% 55.3M 4s
   350K .......... .......... .......... .......... ..........  6% 41.0M 4s
   400K .......... .......... .......... .......... ..........  6%  937K 4s
   450K .......... .......... .......... .......... ..........  7% 23.7M 4s
   500K .......... .......... .......... .......... ..........  8% 25.2M 3s
   550K .......... .......... .......... .......... ..........  9% 42.6M 3s
   600K .......... .......... .......... .......... ..........  9% 33.8M 3s
   650K .......... .......... .......... .......... .......... 10% 45.7M 2s
   700K .......... .......... .......... .......... .......... 11% 56.0M 2s
   750K .......... .......... .......... .......... .......... 12% 37.8M 2s
   800K .......... .......... .......... .......... .......... 12% 56.7M 2s
   850K .......... .......... .......... .......... .......... 13% 1.03M 2s
   900K .......... .......... .......... .......... .......... 14% 34.5M 2s
   950K .......... .......... .......... .......... .......... 15% 41.7M 2s
  1000K .......... .......... .......... .......... .......... 16% 50.3M 2s
  1050K .......... .......... .......... .......... .......... 16% 42.1M 2s
  1100K .......... .......... .......... .......... .......... 17% 31.0M 2s
  1150K .......... .......... .......... .......... .......... 18% 32.0M 2s
  1200K .......... .......... .......... .......... .......... 19% 36.5M 2s
  1250K .......... .......... .......... .......... .......... 19% 43.5M 1s
  1300K .......... .......... .......... .......... .......... 20% 42.6M 1s
  1350K .......... .......... .......... .......... .......... 21% 31.2M 1s
  1400K .......... .......... .......... .......... .......... 22% 41.9M 1s
  1450K .......... .......... .......... .......... .......... 22% 55.6M 1s
  1500K .......... .......... .......... .......... .......... 23% 46.3M 1s
  1550K .......... .......... .......... .......... .......... 24%  607K 1s
  1600K .......... .......... .......... .......... .......... 25% 2.88M 1s
  1650K .......... .......... .......... .......... .......... 25%  332M 1s
  1700K .......... .......... .......... .......... .......... 26%  631M 1s
  1750K .......... .......... .......... .......... .......... 27%  826M 1s
  1800K .......... .......... .......... .......... .......... 28%  818M 1s
  1850K .......... .......... .......... .......... .......... 29%  737M 1s
  1900K .......... .......... .......... .......... .......... 29%  752M 1s
  1950K .......... .......... .......... .......... .......... 30%  700M 1s
  2000K .......... .......... .......... .......... .......... 31%  744M 1s
  2050K .......... .......... .......... .......... .......... 32%  833M 1s
  2100K .......... .......... .......... .......... .......... 32%  710M 1s
  2150K .......... .......... .......... .......... .......... 33%  868M 1s
  2200K .......... .......... .......... .......... .......... 34%  710M 1s
  2250K .......... .......... .......... .......... .......... 35%  833M 1s
  2300K .......... .......... .......... .......... .......... 35%  836M 1s
  2350K .......... .......... .......... .......... .......... 36%  740M 1s
  2400K .......... .......... .......... .......... .......... 37%  803M 1s
  2450K .......... .......... .......... .......... .......... 38% 1.21M 1s
  2500K .......... .......... .......... .......... .......... 38%  150M 1s
  2550K .......... .......... .......... .......... .......... 39%  193M 1s
  2600K .......... .......... .......... .......... .......... 40% 71.5M 1s
  2650K .......... .......... .......... .......... .......... 41%  640M 1s
  2700K .......... .......... .......... .......... .......... 42%  707M 1s
  2750K .......... .......... .......... .......... .......... 42%  548M 1s
  2800K .......... .......... .......... .......... .......... 43%  696M 1s
  2850K .......... .......... .......... .......... .......... 44%  215M 1s
  2900K .......... .......... .......... .......... .......... 45%  183M 1s
  2950K .......... .......... .......... .......... .......... 45%  383M 1s
  3000K .......... .......... .......... .......... .......... 46%  809M 1s
  3050K .......... .......... .......... .......... .......... 47%  611M 1s
  3100K .......... .......... .......... .......... .......... 48%  660M 1s
  3150K .......... .......... .......... .......... .......... 48%  814M 1s
  3200K .......... .......... .......... .......... .......... 49%  692M 1s
  3250K .......... .......... .......... .......... .......... 50%  717M 0s
  3300K .......... .......... .......... .......... .......... 51%  783M 0s
  3350K .......... .......... .......... .......... .......... 51%  678M 0s
  3400K .......... .......... .......... .......... .......... 52%  806M 0s
  3450K .......... .......... .......... .......... .......... 53%  692M 0s
  3500K .......... .......... .......... .......... .......... 54%  796M 0s
  3550K .......... .......... .......... .......... .......... 55%  827M 0s
  3600K .......... .......... .......... .......... .......... 55%  718M 0s
  3650K .......... .......... .......... .......... .......... 56%  743M 0s
  3700K .......... .......... .......... .......... .......... 57%  691M 0s
  3750K .......... .......... .......... .......... .......... 58%  832M 0s
  3800K .......... .......... .......... .......... .......... 58%  727M 0s
  3850K .......... .......... .......... .......... .......... 59%  733M 0s
  3900K .......... .......... .......... .......... .......... 60%  817M 0s
  3950K .......... .......... .......... .......... .......... 61%  732M 0s
  4000K .......... .......... .......... .......... .......... 61%  863M 0s
  4050K .......... .......... .......... .......... .......... 62%  835M 0s
  4100K .......... .......... .......... .......... .......... 63%  723M 0s
  4150K .......... .......... .......... .......... .......... 64% 4.07M 0s
  4200K .......... .......... .......... .......... .......... 64% 42.5M 0s
  4250K .......... .......... .......... .......... .......... 65% 46.7M 0s
  4300K .......... .......... .......... .......... .......... 66% 29.1M 0s
  4350K .......... .......... .......... .......... .......... 67% 31.0M 0s
  4400K .......... .......... .......... .......... .......... 68% 25.6M 0s
  4450K .......... .......... .......... .......... .......... 68% 29.7M 0s
  4500K .......... .......... .......... .......... .......... 69% 27.4M 0s
  4550K .......... .......... .......... .......... .......... 70% 21.2M 0s
  4600K .......... .......... .......... .......... .......... 71% 18.4M 0s
  4650K .......... .......... .......... .......... .......... 71% 35.1M 0s
  4700K .......... .......... .......... .......... .......... 72% 28.5M 0s
  4750K .......... .......... .......... .......... .......... 73% 45.9M 0s
  4800K .......... .......... .......... .......... .......... 74% 49.6M 0s
  4850K .......... .......... .......... .......... .......... 74% 38.2M 0s
  4900K .......... .......... .......... .......... .......... 75% 18.6M 0s
  4950K .......... .......... .......... .......... .......... 76% 2.95M 0s
  5000K .......... .......... .......... .......... .......... 77% 39.3M 0s
  5050K .......... .......... .......... .......... .......... 77% 36.0M 0s
  5100K .......... .......... .......... .......... .......... 78% 30.0M 0s
  5150K .......... .......... .......... .......... .......... 79% 73.3M 0s
  5200K .......... .......... .......... .......... .......... 80% 63.3M 0s
  5250K .......... .......... .......... .......... .......... 81% 71.7M 0s
  5300K .......... .......... .......... .......... .......... 81% 70.3M 0s
  5350K .......... .......... .......... .......... .......... 82% 4.67M 0s
  5400K .......... .......... .......... .......... .......... 83% 33.6M 0s
  5450K .......... .......... .......... .......... .......... 84% 33.6M 0s
  5500K .......... .......... .......... .......... .......... 84% 36.9M 0s
  5550K .......... .......... .......... .......... .......... 85% 50.6M 0s
  5600K .......... .......... .......... .......... .......... 86% 38.4M 0s
  5650K .......... .......... .......... .......... .......... 87% 21.1M 0s
  5700K .......... .......... .......... .......... .......... 87% 39.2M 0s
  5750K .......... .......... .......... .......... .......... 88% 29.2M 0s
  5800K .......... .......... .......... .......... .......... 89% 18.7M 0s
  5850K .......... .......... .......... .......... .......... 90% 27.4M 0s
  5900K .......... .......... .......... .......... .......... 90% 38.0M 0s
  5950K .......... .......... .......... .......... .......... 91% 27.8M 0s
  6000K .......... .......... .......... .......... .......... 92% 45.7M 0s
  6050K .......... .......... .......... .......... .......... 93% 46.7M 0s
  6100K .......... .......... .......... .......... .......... 94% 21.7M 0s
  6150K .......... .......... .......... .......... .......... 94% 22.1M 0s
  6200K .......... .......... .......... .......... .......... 95% 3.01M 0s
  6250K .......... .......... .......... .......... .......... 96% 33.9M 0s
  6300K .......... .......... .......... .......... .......... 97% 33.4M 0s
  6350K .......... .......... .......... .......... .......... 97% 20.9M 0s
  6400K .......... .......... .......... .......... .......... 98% 37.6M 0s
  6450K .......... .......... .......... .......... .......... 99% 46.1M 0s
  6500K .......... .......... .......... .........            100% 99.0M=0.6s

2026-03-30 22:23:37 (10.2 MB/s) - 'conn.log.1' saved [6696732/6696732]

